# JRE version: OpenJDK Runtime Environment OpenLogic-OpenJDK (17.0.12+7) (build 17.0.12+7-adhoc..jdk17u)
# Java VM: OpenJDK 64-Bit Server VM OpenLogic-OpenJDK (17.0.12+7-adhoc..jdk17u, mixed mode, sharing, tiered, compressed oops, compressed class ptrs, g1 gc, windows-amd64)
GC Precious Log:
 CPUs: 8 total, 8 available
 Memory: 7103M
 Large Page Support: Disabled
 NUMA Support: Disabled
 Compressed Oops: Enabled (32-bit)
 Heap Region Size: 1M
 Heap Min Capacity: 8M
 Heap Initial Capacity: 112M
 Heap Max Capacity: 2G
 Pre-touch: Disabled
 Parallel Workers: 8
 Concurrent Workers: 2
 Concurrent Refinement Workers: 8
 Periodic GC: Disabled
Heap:
 garbage-first heap   total 137216K, used 84763K [0x0000000080000000, 0x0000000100000000)
  region size 1024K, 10 young (10240K), 1 survivors (1024K)
 Metaspace       used 91927K, committed 92928K, reserved 557056K
  class space    used 12708K, committed 13184K, reserved 425984K
GC Heap History (20 events):
Event: 41.549 GC heap before
{Heap before GC invocations=34 (full 0):
 garbage-first heap   total 111616K, used 85241K [0x0000000080000000, 0x0000000100000000)
  region size 1024K, 27 young (27648K), 3 survivors (3072K)
 Metaspace       used 75163K, committed 75904K, reserved 491520K
  class space    used 10543K, committed 10880K, reserved 425984K
}
Event: 41.554 GC heap after
{Heap after GC invocations=35 (full 0):
 garbage-first heap   total 111616K, used 62937K [0x0000000080000000, 0x0000000100000000)
  region size 1024K, 3 young (3072K), 3 survivors (3072K)
 Metaspace       used 75163K, committed 75904K, reserved 491520K
  class space    used 10543K, committed 10880K, reserved 425984K
}
Event: 43.410 GC heap before
{Heap before GC invocations=35 (full 0):
 garbage-first heap   total 111616K, used 89561K [0x0000000080000000, 0x0000000100000000)
  region size 1024K, 29 young (29696K), 3 survivors (3072K)
 Metaspace       used 76409K, committed 77120K, reserved 557056K
  class space    used 10738K, committed 11072K, reserved 425984K
}
Event: 43.415 GC heap after
{Heap after GC invocations=36 (full 0):
 garbage-first heap   total 111616K, used 64276K [0x0000000080000000, 0x0000000100000000)
  region size 1024K, 3 young (3072K), 3 survivors (3072K)
 Metaspace       used 76409K, committed 77120K, reserved 557056K
  class space    used 10738K, committed 11072K, reserved 425984K
}
Event: 45.971 GC heap before
{Heap before GC invocations=37 (full 0):
 garbage-first heap   total 111616K, used 90900K [0x0000000080000000, 0x0000000100000000)
  region size 1024K, 30 young (30720K), 3 survivors (3072K)
 Metaspace       used 77610K, committed 78464K, reserved 557056K
  class space    used 10869K, committed 11264K, reserved 425984K
}
Event: 45.977 GC heap after
{Heap after GC invocations=38 (full 0):
 garbage-first heap   total 111616K, used 66266K [0x0000000080000000, 0x0000000100000000)
  region size 1024K, 4 young (4096K), 4 survivors (4096K)
 Metaspace       used 77610K, committed 78464K, reserved 557056K
  class space    used 10869K, committed 11264K, reserved 425984K
}
Event: 46.863 GC heap before
{Heap before GC invocations=38 (full 0):
 garbage-first heap   total 111616K, used 91866K [0x0000000080000000, 0x0000000100000000)
  region size 1024K, 29 young (29696K), 4 survivors (4096K)
 Metaspace       used 79548K, committed 80320K, reserved 557056K
  class space    used 11164K, committed 11520K, reserved 425984K
}
Event: 46.871 GC heap after
{Heap after GC invocations=39 (full 0):
 garbage-first heap   total 111616K, used 67982K [0x0000000080000000, 0x0000000100000000)
  region size 1024K, 4 young (4096K), 4 survivors (4096K)
 Metaspace       used 79548K, committed 80320K, reserved 557056K
  class space    used 11164K, committed 11520K, reserved 425984K
}
Event: 47.954 GC heap before
{Heap before GC invocations=40 (full 0):
 garbage-first heap   total 119808K, used 92558K [0x0000000080000000, 0x0000000100000000)
  region size 1024K, 28 young (28672K), 4 survivors (4096K)
 Metaspace       used 81203K, committed 82112K, reserved 557056K
  class space    used 11406K, committed 11840K, reserved 425984K
}
Event: 47.963 GC heap after
{Heap after GC invocations=41 (full 0):
 garbage-first heap   total 119808K, used 70319K [0x0000000080000000, 0x0000000100000000)
  region size 1024K, 4 young (4096K), 4 survivors (4096K)
 Metaspace       used 81203K, committed 82112K, reserved 557056K
  class space    used 11406K, committed 11840K, reserved 425984K
}
Event: 49.822 GC heap before
{Heap before GC invocations=41 (full 0):
 garbage-first heap   total 119808K, used 97967K [0x0000000080000000, 0x0000000100000000)
  region size 1024K, 32 young (32768K), 4 survivors (4096K)
 Metaspace       used 83618K, committed 84480K, reserved 557056K
  class space    used 11786K, committed 12224K, reserved 425984K
}
Event: 49.829 GC heap after
{Heap after GC invocations=42 (full 0):
 garbage-first heap   total 119808K, used 72733K [0x0000000080000000, 0x0000000100000000)
  region size 1024K, 3 young (3072K), 3 survivors (3072K)
 Metaspace       used 83618K, committed 84480K, reserved 557056K
  class space    used 11786K, committed 12224K, reserved 425984K
}
Event: 52.508 GC heap before
{Heap before GC invocations=43 (full 0):
 garbage-first heap   total 126976K, used 97309K [0x0000000080000000, 0x0000000100000000)
  region size 1024K, 28 young (28672K), 3 survivors (3072K)
 Metaspace       used 86328K, committed 87232K, reserved 557056K
  class space    used 12145K, committed 12608K, reserved 425984K
}
Event: 52.519 GC heap after
{Heap after GC invocations=44 (full 0):
 garbage-first heap   total 126976K, used 75540K [0x0000000080000000, 0x0000000100000000)
  region size 1024K, 3 young (3072K), 3 survivors (3072K)
 Metaspace       used 86328K, committed 87232K, reserved 557056K
  class space    used 12145K, committed 12608K, reserved 425984K
}
Event: 77.038 GC heap before
{Heap before GC invocations=44 (full 0):
 garbage-first heap   total 126976K, used 96020K [0x0000000080000000, 0x0000000100000000)
  region size 1024K, 25 young (25600K), 3 survivors (3072K)
 Metaspace       used 88361K, committed 89280K, reserved 557056K
  class space    used 12382K, committed 12800K, reserved 425984K
}
Event: 77.043 GC heap after
{Heap after GC invocations=45 (full 0):
 garbage-first heap   total 126976K, used 77652K [0x0000000080000000, 0x0000000100000000)
  region size 1024K, 3 young (3072K), 3 survivors (3072K)
 Metaspace       used 88361K, committed 89280K, reserved 557056K
  class space    used 12382K, committed 12800K, reserved 425984K
}
Event: 86.929 GC heap before
{Heap before GC invocations=46 (full 0):
 garbage-first heap   total 137216K, used 105300K [0x0000000080000000, 0x0000000100000000)
  region size 1024K, 29 young (29696K), 3 survivors (3072K)
 Metaspace       used 91542K, committed 92480K, reserved 557056K
  class space    used 12657K, committed 13120K, reserved 425984K
}
Event: 86.934 GC heap after
{Heap after GC invocations=47 (full 0):
 garbage-first heap   total 137216K, used 77888K [0x0000000080000000, 0x0000000100000000)
  region size 1024K, 3 young (3072K), 3 survivors (3072K)
 Metaspace       used 91542K, committed 92480K, reserved 557056K
  class space    used 12657K, committed 13120K, reserved 425984K
}
Event: 87.008 GC heap before
{Heap before GC invocations=47 (full 0):
 garbage-first heap   total 137216K, used 79936K [0x0000000080000000, 0x0000000100000000)
  region size 1024K, 6 young (6144K), 3 survivors (3072K)
 Metaspace       used 91558K, committed 92480K, reserved 557056K
  class space    used 12657K, committed 13120K, reserved 425984K
}
Event: 87.014 GC heap after
{Heap after GC invocations=48 (full 0):
 garbage-first heap   total 137216K, used 77595K [0x0000000080000000, 0x0000000100000000)
  region size 1024K, 1 young (1024K), 1 survivors (1024K)
 Metaspace       used 91558K, committed 92480K, reserved 557056K
  class space    used 12657K, committed 13120K, reserved 425984K
}

